<?xml version="1.0" encoding="UTF-8"?>
<testng-results ignored="0" total="1" passed="1" failed="0" skipped="0">
  <reporter-output>
  </reporter-output>
  <suite started-at="2021-04-21T14:50:27 IST" name="Default suite" finished-at="2021-04-21T14:50:38 IST" duration-ms="11661">
    <groups>
    </groups>
    <test started-at="2021-04-21T14:50:27 IST" name="Default test" finished-at="2021-04-21T14:50:38 IST" duration-ms="11661">
      <class name="QATOOLS.SCREENSHOT">
        <test-method is-config="true" signature="beforeTest()[pri:0, instance:QATOOLS.SCREENSHOT@184cf7cf]" started-at="2021-04-21T14:50:27 IST" name="beforeTest" finished-at="2021-04-21T14:50:35 IST" duration-ms="8061" status="PASS">
          <reporter-output>
          </reporter-output>
        </test-method> <!-- beforeTest -->
        <test-method signature="f()[pri:0, instance:QATOOLS.SCREENSHOT@184cf7cf]" started-at="2021-04-21T14:50:35 IST" name="f" finished-at="2021-04-21T14:50:38 IST" duration-ms="3536" status="PASS">
          <reporter-output>
          </reporter-output>
        </test-method> <!-- f -->
        <test-method is-config="true" signature="afterTest()[pri:0, instance:QATOOLS.SCREENSHOT@184cf7cf]" started-at="2021-04-21T14:50:38 IST" name="afterTest" finished-at="2021-04-21T14:50:38 IST" duration-ms="1" status="PASS">
          <reporter-output>
          </reporter-output>
        </test-method> <!-- afterTest -->
      </class> <!-- QATOOLS.SCREENSHOT -->
    </test> <!-- Default test -->
  </suite> <!-- Default suite -->
</testng-results>
